<?xml version="1.0" encoding="UTF-8"?>
<coverage generated="1742275421028" clover="3.2.0">
  <project timestamp="1742275421028" name="All files">
    <metrics statements="13" coveredstatements="1" conditionals="0" coveredconditionals="0" methods="7" coveredmethods="0" elements="20" coveredelements="1" complexity="0" loc="13" ncloc="13" packages="1" files="1" classes="1"/>
    <file name="HistoryCard.jsx" path="C:\Users\Bharath\Documents\Project\Tring_Streams\client\src\components\HistoryCard.jsx">
      <metrics statements="13" coveredstatements="1" conditionals="0" coveredconditionals="0" methods="7" coveredmethods="0"/>
      <line num="6" count="1" type="stmt"/>
      <line num="8" count="0" type="stmt"/>
      <line num="9" count="0" type="stmt"/>
      <line num="11" count="0" type="stmt"/>
      <line num="12" count="0" type="stmt"/>
      <line num="13" count="0" type="stmt"/>
      <line num="16" count="0" type="stmt"/>
      <line num="17" count="0" type="stmt"/>
      <line num="19" count="0" type="stmt"/>
      <line num="22" count="0" type="stmt"/>
      <line num="23" count="0" type="stmt"/>
      <line num="28" count="0" type="stmt"/>
      <line num="43" count="0" type="stmt"/>
    </file>
  </project>
</coverage>
