{"C:\\Users\\Bharath\\Documents\\Project\\Tring_Streams\\client\\src\\components\\HistoryCard.jsx": {"path":"C:\\Users\\Bharath\\Documents\\Project\\Tring_Streams\\client\\src\\components\\HistoryCard.jsx","statementMap":{"0":{"start":{"line":6,"column":20},"end":{"line":50,"column":1}},"1":{"start":{"line":8,"column":14},"end":{"line":8,"column":27}},"2":{"start":{"line":9,"column":28},"end":{"line":9,"column":43}},"3":{"start":{"line":11,"column":17},"end":{"line":14,"column":3}},"4":{"start":{"line":12,"column":4},"end":{"line":12,"column":70}},"5":{"start":{"line":13,"column":4},"end":{"line":13,"column":16}},"6":{"start":{"line":16,"column":19},"end":{"line":18,"column":3}},"7":{"start":{"line":17,"column":4},"end":{"line":17,"column":42}},"8":{"start":{"line":19,"column":2},"end":{"line":49,"column":4}},"9":{"start":{"line":22,"column":26},"end":{"line":22,"column":40}},"10":{"start":{"line":23,"column":26},"end":{"line":23,"column":41}},"11":{"start":{"line":28,"column":23},"end":{"line":28,"column":33}},"12":{"start":{"line":43,"column":27},"end":{"line":43,"column":40}}},"fnMap":{"0":{"name":"(anonymous_0)","decl":{"start":{"line":6,"column":20},"end":{"line":6,"column":21}},"loc":{"start":{"line":6,"column":46},"end":{"line":50,"column":1}},"line":6},"1":{"name":"(anonymous_1)","decl":{"start":{"line":11,"column":17},"end":{"line":11,"column":18}},"loc":{"start":{"line":11,"column":34},"end":{"line":14,"column":3}},"line":11},"2":{"name":"(anonymous_2)","decl":{"start":{"line":16,"column":19},"end":{"line":16,"column":20}},"loc":{"start":{"line":16,"column":25},"end":{"line":18,"column":3}},"line":16},"3":{"name":"(anonymous_3)","decl":{"start":{"line":22,"column":20},"end":{"line":22,"column":21}},"loc":{"start":{"line":22,"column":26},"end":{"line":22,"column":40}},"line":22},"4":{"name":"(anonymous_4)","decl":{"start":{"line":23,"column":20},"end":{"line":23,"column":21}},"loc":{"start":{"line":23,"column":26},"end":{"line":23,"column":41}},"line":23},"5":{"name":"(anonymous_5)","decl":{"start":{"line":28,"column":17},"end":{"line":28,"column":18}},"loc":{"start":{"line":28,"column":23},"end":{"line":28,"column":33}},"line":28},"6":{"name":"(anonymous_6)","decl":{"start":{"line":43,"column":21},"end":{"line":43,"column":22}},"loc":{"start":{"line":43,"column":27},"end":{"line":43,"column":40}},"line":43}},"branchMap":{},"s":{"0":1,"1":0,"2":0,"3":0,"4":0,"5":0,"6":0,"7":0,"8":0,"9":0,"10":0,"11":0,"12":0},"f":{"0":0,"1":0,"2":0,"3":0,"4":0,"5":0,"6":0},"b":{},"_coverageSchema":"1a1c01bbd47fc00a2c39e90264f33305004495a9","hash":"84a2a5c42162de47008fb30cb2315f55b2ea006f"}
}
